[2026-01-05T11:20:37.656Z] | [Task Tracker] | "Starting the embedded database...."
[2026-01-05T11:29:28.576Z] | [Task Tracker] | "File change detected, reloading..."
[2026-01-05T11:31:35.000Z] | [Task Tracker] | "File change detected, reloading..."
[2026-01-05T11:57:02.399Z] | [Task Tracker] | "Shutting down gracefully..."
[2026-01-05T11:57:02.709Z] | [Task Tracker] | "Shutting down gracefully..."
[2026-01-05T11:57:02.901Z] | [Task Tracker] | "Shutting down gracefully..."
[2026-01-05T11:57:03.151Z] | [Task Tracker] | "Shutting down gracefully..."
[2026-01-05T11:57:03.450Z] | [Task Tracker] | "Shutting down gracefully..."
[2026-01-05T11:57:03.755Z] | [Task Tracker] | "Shutting down gracefully..."
[2026-01-05T11:57:04.238Z] | [Task Tracker] | "Shutting down gracefully..."
[2026-01-05T11:57:04.353Z] | [Task Tracker] | "Shutting down gracefully..."
[2026-01-05T11:57:04.475Z] | [Task Tracker] | "Shutting down gracefully..."
[2026-01-05T11:57:04.500Z] | [Task Tracker] | "Shutting down gracefully..."
[2026-01-05T11:57:04.585Z] | [Task Tracker] | "Shutting down gracefully..."
[2026-01-05T11:57:15.343Z] | [Task Tracker] | "Starting the embedded database...."
[2026-01-05T12:12:45.551Z] | [Task Tracker] | "Shutting down gracefully..."
[2026-01-05T12:12:55.331Z] | [Task Tracker] | "Starting the embedded database...."
[2026-01-05T12:13:37.352Z] | [Task Tracker] | "Starting the embedded database...."
[2026-01-05T12:13:59.983Z] | [Task Tracker] | "Shutting down gracefully..."
[2026-01-05T12:14:00.334Z] | [Task Tracker] | "Shutting down gracefully..."
[2026-01-05T12:14:03.159Z] | [Task Tracker] | "Shutting down gracefully..."
[2026-01-05T12:14:03.526Z] | [Task Tracker] | "Shutting down gracefully..."
[2026-01-05T12:14:03.715Z] | [Task Tracker] | "Shutting down gracefully..."
[2026-01-05T12:14:03.882Z] | [Task Tracker] | "Shutting down gracefully..."
[2026-01-05T12:14:04.187Z] | [Task Tracker] | "Shutting down gracefully..."
[2026-01-05T12:14:04.390Z] | [Task Tracker] | "Shutting down gracefully..."
[2026-01-05T12:14:04.572Z] | [Task Tracker] | "Shutting down gracefully..."
[2026-01-05T12:14:04.763Z] | [Task Tracker] | "Shutting down gracefully..."
[2026-01-05T12:14:04.952Z] | [Task Tracker] | "Shutting down gracefully..."
[2026-01-05T12:14:05.134Z] | [Task Tracker] | "Shutting down gracefully..."
[2026-01-05T12:14:05.317Z] | [Task Tracker] | "Shutting down gracefully..."
[2026-01-05T12:14:05.499Z] | [Task Tracker] | "Shutting down gracefully..."
[2026-01-05T12:14:05.684Z] | [Task Tracker] | "Shutting down gracefully..."
[2026-01-05T12:14:05.870Z] | [Task Tracker] | "Shutting down gracefully..."
[2026-01-05T12:14:06.060Z] | [Task Tracker] | "Shutting down gracefully..."
[2026-01-05T12:14:06.248Z] | [Task Tracker] | "Shutting down gracefully..."
[2026-01-05T12:14:06.434Z] | [Task Tracker] | "Shutting down gracefully..."
[2026-01-05T12:14:06.574Z] | [Task Tracker] | "Shutting down gracefully..."
[2026-01-05T12:14:07.074Z] | [Task Tracker] | "Shutting down gracefully..."
[2026-01-05T12:14:07.150Z] | [Task Tracker] | "Shutting down gracefully..."
[2026-01-05T12:14:07.225Z] | [Task Tracker] | "Shutting down gracefully..."
[2026-01-05T12:14:07.341Z] | [Task Tracker] | "Shutting down gracefully..."
[2026-01-05T12:14:07.378Z] | [Task Tracker] | "Shutting down gracefully..."
[2026-01-05T12:14:07.459Z] | [Task Tracker] | "Shutting down gracefully..."
[2026-01-05T12:14:07.551Z] | [Task Tracker] | "Shutting down gracefully..."
[2026-01-05T12:14:07.600Z] | [Task Tracker] | "Shutting down gracefully..."
[2026-01-05T12:14:07.676Z] | [Task Tracker] | "Shutting down gracefully..."
[2026-01-05T12:14:07.750Z] | [Task Tracker] | "Shutting down gracefully..."
[2026-01-05T12:14:07.846Z] | [Task Tracker] | "Shutting down gracefully..."
[2026-01-05T12:14:08.035Z] | [Task Tracker] | "Shutting down gracefully..."
[2026-01-05T12:14:08.188Z] | [Task Tracker] | "Shutting down gracefully..."
[2026-01-05T12:14:08.327Z] | [Task Tracker] | "Shutting down gracefully..."
[2026-01-05T12:14:08.478Z] | [Task Tracker] | "Shutting down gracefully..."
[2026-01-05T12:14:08.612Z] | [Task Tracker] | "Shutting down gracefully..."
[2026-01-05T12:14:08.876Z] | [Task Tracker] | "Shutting down gracefully..."
[2026-01-05T12:14:09.071Z] | [Task Tracker] | "Shutting down gracefully..."
[2026-01-05T12:14:09.262Z] | [Task Tracker] | "Shutting down gracefully..."
[2026-01-07T08:29:04.492Z] | [Task Tracker] | "File change detected, reloading..."
[2026-01-07T08:32:11.926Z] | [Task Tracker] | "Starting the embedded database...."
[2026-01-07T08:35:03.985Z] | [Task Tracker] | "Shutting down gracefully..."
[2026-01-07T08:35:20.228Z] | [Task Tracker] | "Starting the embedded database...."
[2026-01-07T09:39:01.416Z] | [Task Tracker] | "Shutting down gracefully..."
[2026-01-07T09:46:09.048Z] | [Task Tracker] | "Shutting down gracefully..."
[2026-01-07T09:46:09.486Z] | [Task Tracker] | "Shutting down gracefully..."
[2026-01-07T09:46:09.818Z] | [Task Tracker] | "Shutting down gracefully..."
[2026-01-07T09:46:09.951Z] | [Task Tracker] | "Shutting down gracefully..."
[2026-01-07T09:46:10.142Z] | [Task Tracker] | "Shutting down gracefully..."
[2026-01-07T09:46:10.476Z] | [Task Tracker] | "Shutting down gracefully..."
[2026-01-07T09:46:10.693Z] | [Task Tracker] | "Shutting down gracefully..."
[2026-01-07T09:46:10.853Z] | [Task Tracker] | "Shutting down gracefully..."
[2026-01-07T09:46:10.883Z] | [Task Tracker] | "Shutting down gracefully..."
[2026-01-07T09:47:19.399Z] | [Task Tracker] | "Starting the embedded database...."
[2026-01-07T10:14:05.107Z] | [Task Tracker] | "Shutting down gracefully..."
[2026-01-07T10:31:44.564Z] | [In Spatial] | "Starting the embedded database...."
[2026-01-07T10:33:51.555Z] | [In Spatial] | "Starting the embedded database...."
[2026-01-07T10:54:32.517Z] | [In Spatial] | "Shutting down gracefully..."
[2026-01-07T10:55:10.525Z] | [In Spatial] | "Starting the embedded database...."
[2026-01-07T10:56:45.333Z] | [In Spatial] | "Shutting down gracefully..."
[2026-01-07T10:57:12.873Z] | [In Spatial] | "Starting the embedded database...."
[2026-01-07T10:59:24.238Z] | [In Spatial] | "Shutting down gracefully..."
[2026-01-07T11:00:45.064Z] | [In Spatial] | "Starting the embedded database...."
[2026-01-07T16:05:32.889Z] | [In Spatial] | "File change detected, reloading..."
[2026-01-07T16:06:23.554Z] | [In Spatial] | "File change detected, reloading..."
[2026-01-07T16:19:39.457Z] | [In Spatial] | "Shutting down gracefully..."
[2026-01-07T16:19:39.506Z] | [In Spatial] | "Shutting down gracefully..."
[2026-01-07T16:21:18.885Z] | [In Spatial] | "Starting the embedded database...."
[2026-01-07T16:25:24.299Z] | [In Spatial] | "File change detected, reloading..."
[2026-01-07T16:27:35.108Z] | [In Spatial] | "File change detected, reloading..."
[2026-01-07T16:30:54.371Z] | [In Spatial] | "File change detected, reloading..."
[2026-01-07T16:31:22.890Z] | [In Spatial] | "File change detected, reloading..."
[2026-01-07T16:33:58.143Z] | [In Spatial] | "File change detected, reloading..."
[2026-01-07T16:35:39.428Z] | [In Spatial] | "Shutting down gracefully..."
[2026-01-07T16:35:43.058Z] | [In Spatial] | "Starting the embedded database...."
[2026-01-07T16:40:14.054Z] | [In Spatial] | "File change detected, reloading..."
[2026-01-07T16:40:34.151Z] | [In Spatial] | "File change detected, reloading..."
[2026-01-07T16:41:03.152Z] | [In Spatial] | "File change detected, reloading..."
[2026-01-07T16:41:30.231Z] | [In Spatial] | "File change detected, reloading..."
[2026-01-07T16:42:57.241Z] | [In Spatial] | "File change detected, reloading..."
[2026-01-07T16:43:29.795Z] | [In Spatial] | "File change detected, reloading..."
[2026-01-07T16:49:01.559Z] | [In Spatial] | "File change detected, reloading..."
[2026-01-07T16:49:57.816Z] | [In Spatial] | "File change detected, reloading..."
[2026-01-07T16:52:09.477Z] | [In Spatial] | "Shutting down gracefully..."
[2026-01-07T16:52:09.654Z] | [In Spatial] | "Shutting down gracefully..."
[2026-01-07T16:52:12.984Z] | [In Spatial] | "Starting the embedded database...."
[2026-01-07T16:54:42.044Z] | [In Spatial] | "File change detected, reloading..."
[2026-01-07T16:54:52.599Z] | [In Spatial] | "File change detected, reloading..."
[2026-01-07T16:56:05.736Z] | [In Spatial] | "Shutting down gracefully..."
[2026-01-07T16:56:09.166Z] | [In Spatial] | "Starting the embedded database...."
[2026-01-07T17:22:26.124Z] | [In Spatial] | "Starting the embedded database...."
[2026-01-07T17:30:45.854Z] | [In Spatial] | "Starting the embedded database...."
[2026-01-07T17:39:59.875Z] | [In Spatial] | "File change detected, reloading..."
[2026-01-07T17:40:20.882Z] | [In Spatial] | "Starting the embedded database...."
[2026-01-07T17:40:38.905Z] | [In Spatial] | "File change detected, reloading..."
[2026-01-07T17:41:00.206Z] | [In Spatial] | "File change detected, reloading..."
[2026-01-07T17:41:10.416Z] | [In Spatial] | "Starting the embedded database...."
[2026-01-07T17:42:33.234Z] | [In Spatial] | "Shutting down gracefully..."
[2026-01-07T17:42:57.451Z] | [In Spatial] | "Starting the embedded database...."
[2026-01-07T17:43:58.956Z] | [In Spatial] | "File change detected, reloading..."
[2026-01-07T17:44:24.400Z] | [In Spatial] | "Shutting down gracefully..."
[2026-01-07T17:45:34.274Z] | [In Spatial] | "Starting the embedded database...."
[2026-01-07T17:49:06.525Z] | [In Spatial] | "Shutting down gracefully..."
[2026-01-07T17:50:12.834Z] | [In Spatial] | "Starting the embedded database...."
